2023-08-06 01:02:50.240755 - Initialized conversion of CBT1029
2023-08-06 01:02:50.377110 - Received CBT.V505.FILE1029.PDS from FILE1029.XMI 
2023-08-06 01:02:50.379440 - Found $$$#DATE.txt (text/plain) in CBT.V505.FILE1029.PDS, moved to PDS/$$$#DATE
2023-08-06 01:02:50.380454 - Found $$README.txt (text/plain) in CBT.V505.FILE1029.PDS, moved to PDS/$$README
2023-08-06 01:02:50.381432 - Found $README.txt (text/plain) in CBT.V505.FILE1029.PDS, moved to PDS/$README
2023-08-06 01:02:50.382400 - Found @FIL1029.txt (text/plain) in CBT.V505.FILE1029.PDS, moved to PDS/@FIL1029
2023-08-06 01:02:50.383273 - Found DATATST.txt (text/plain) in CBT.V505.FILE1029.PDS, moved to PDS/DATATST
2023-08-06 01:02:50.384144 - Found DATAXXX.txt (text/plain) in CBT.V505.FILE1029.PDS, moved to PDS/DATAXXX
2023-08-06 01:02:50.431236 - Found EXEC.xmi (application/xmit) in CBT.V505.FILE1029.PDS
2023-08-06 01:02:50.444049   - Received to CBT1029/RXP.EXEC
2023-08-06 01:02:50.515200 - Found LOAD.xmi (application/xmit) in CBT.V505.FILE1029.PDS
2023-08-06 01:02:50.524241   - Received RECFM=U data, stored XMIT file as CBT1029/LOAD.xmi
2023-08-06 01:02:50.525207 - Found RXDEBUGP.txt (text/plain) in CBT.V505.FILE1029.PDS, moved to PDS/RXDEBUGP
2023-08-06 01:02:50.526170 - Found RXPSAMP1.rexx (text/plain) in CBT.V505.FILE1029.PDS, moved to PDS/RXPSAMP1
2023-08-06 01:02:50.527015 - Found RXPSAMP2.rexx (text/plain) in CBT.V505.FILE1029.PDS, moved to PDS/RXPSAMP2
2023-08-06 01:02:50.527965 - Found RXPSAMP3.rexx (text/plain) in CBT.V505.FILE1029.PDS, moved to PDS/RXPSAMP3
2023-08-06 01:02:50.528902 - Found RXPSAMP4.rexx (text/plain) in CBT.V505.FILE1029.PDS, moved to PDS/RXPSAMP4
2023-08-06 01:02:50.529818 - Found RXPSAMP5.rexx (text/plain) in CBT.V505.FILE1029.PDS, moved to PDS/RXPSAMP5
2023-08-06 01:02:50.530731 - Found RXPSAMP6.rexx (text/plain) in CBT.V505.FILE1029.PDS, moved to PDS/RXPSAMP6
2023-08-06 01:02:50.531576 - Found RXPSAMP7.rexx (text/plain) in CBT.V505.FILE1029.PDS, moved to PDS/RXPSAMP7
